2025-04-07 07:22:44,426 - queue_app - INFO - Starting QueueMaster application...
2025-04-07 07:22:44,431 - werkzeug - WARNING -  * Debugger is active!
2025-04-07 07:22:44,433 - werkzeug - INFO -  * Debugger PIN: 447-406-176
2025-04-07 07:22:44,889 - queue_app - INFO - Client connected to WebSocket
2025-04-07 07:22:44,945 - queue_app - ERROR - Error emitting queue update: (psycopg2.OperationalError) connection to server at "localhost" (::1), port 5432 failed: FATAL:  password authentication failed for user "postgres"

(Background on this error at: https://sqlalche.me/e/20/e3q8)
2025-04-07 07:22:49,062 - queue_app - INFO - Initializing database tables...
2025-04-07 07:22:49,109 - queue_app - ERROR - Error initializing database: (psycopg2.OperationalError) connection to server at "localhost" (::1), port 5432 failed: FATAL:  password authentication failed for user "postgres"

(Background on this error at: https://sqlalche.me/e/20/e3q8)
2025-04-07 07:23:45,302 - werkzeug - INFO -  * Detected change in 'C:\\Users\\LENOVO\\QueueMaster\\app.py', reloading
2025-04-07 07:23:46,688 - queue_app - INFO - Starting QueueMaster application...
2025-04-07 07:23:46,692 - werkzeug - WARNING -  * Debugger is active!
2025-04-07 07:23:46,694 - werkzeug - INFO -  * Debugger PIN: 447-406-176
2025-04-07 07:23:48,838 - werkzeug - INFO -  * Detected change in 'C:\\Users\\LENOVO\\QueueMaster\\app.py', reloading
2025-04-07 07:23:50,153 - queue_app - INFO - Starting QueueMaster application...
2025-04-07 07:23:50,157 - werkzeug - WARNING -  * Debugger is active!
2025-04-07 07:23:50,160 - werkzeug - INFO -  * Debugger PIN: 447-406-176
2025-04-07 07:23:52,285 - werkzeug - INFO -  * Detected change in 'C:\\Users\\LENOVO\\QueueMaster\\app.py', reloading
2025-04-07 07:23:53,647 - queue_app - INFO - Starting QueueMaster application...
2025-04-07 07:23:53,652 - werkzeug - WARNING -  * Debugger is active!
2025-04-07 07:23:53,654 - werkzeug - INFO -  * Debugger PIN: 447-406-176
2025-04-07 07:23:54,770 - werkzeug - INFO -  * Detected change in 'C:\\Users\\LENOVO\\QueueMaster\\app.py', reloading
2025-04-07 07:23:56,131 - queue_app - INFO - Starting QueueMaster application...
2025-04-07 07:23:56,136 - werkzeug - WARNING -  * Debugger is active!
2025-04-07 07:23:56,138 - werkzeug - INFO -  * Debugger PIN: 447-406-176
2025-04-07 07:23:57,256 - werkzeug - INFO -  * Detected change in 'C:\\Users\\LENOVO\\QueueMaster\\app.py', reloading
2025-04-07 07:23:58,619 - queue_app - INFO - Starting QueueMaster application...
2025-04-07 07:23:58,624 - werkzeug - WARNING -  * Debugger is active!
2025-04-07 07:23:58,627 - werkzeug - INFO -  * Debugger PIN: 447-406-176
2025-04-07 07:23:59,744 - werkzeug - INFO -  * Detected change in 'C:\\Users\\LENOVO\\QueueMaster\\app.py', reloading
2025-04-07 07:24:01,087 - queue_app - INFO - Starting QueueMaster application...
2025-04-07 07:24:01,092 - werkzeug - WARNING -  * Debugger is active!
2025-04-07 07:24:01,094 - werkzeug - INFO -  * Debugger PIN: 447-406-176
2025-04-07 07:24:04,434 - queue_app - INFO - Initializing database tables...
2025-04-07 07:24:04,607 - queue_app - INFO - Database initialization complete
2025-04-07 07:24:04,610 - queue_app - INFO - Index page accessed by: admin
2025-04-07 07:24:04,794 - queue_app - INFO - Client connected to WebSocket
2025-04-07 07:24:04,800 - queue_app - INFO - Queue update emitted: 0 waiting
2025-04-07 07:24:16,141 - queue_app - INFO - User logged out: admin (ID: 1)
2025-04-07 14:01:24,036 - queue_app - INFO - Starting QueueMaster application...
2025-04-07 14:01:24,339 - werkzeug - INFO -  * Restarting with stat
2025-04-07 14:01:25,548 - queue_app - INFO - Starting QueueMaster application...
2025-04-07 14:01:25,554 - werkzeug - WARNING -  * Debugger is active!
2025-04-07 14:01:25,557 - werkzeug - INFO -  * Debugger PIN: 447-406-176
2025-04-07 14:01:28,534 - queue_app - INFO - Initializing database tables...
2025-04-07 14:01:28,658 - queue_app - INFO - Database initialization complete
2025-04-07 14:01:40,363 - queue_app - INFO - User logged in: admin (ID: 1)
2025-04-07 14:01:40,373 - queue_app - INFO - Index page accessed by: admin
2025-04-07 14:01:40,549 - queue_app - INFO - Client connected to WebSocket
2025-04-07 14:01:40,559 - queue_app - INFO - Queue update emitted: 0 waiting
2025-04-07 14:04:45,445 - queue_app - INFO - Index page accessed by: admin
2025-04-07 14:04:45,612 - queue_app - INFO - Client connected to WebSocket
2025-04-07 14:04:45,617 - queue_app - INFO - Queue update emitted: 0 waiting
2025-04-07 14:09:45,473 - queue_app - INFO - Starting QueueMaster application...
2025-04-07 14:09:45,573 - werkzeug - INFO -  * Restarting with stat
2025-04-07 14:09:46,808 - queue_app - INFO - Starting QueueMaster application...
2025-04-07 14:09:46,814 - werkzeug - WARNING -  * Debugger is active!
2025-04-07 14:09:46,816 - werkzeug - INFO -  * Debugger PIN: 447-406-176
2025-04-07 14:09:47,587 - queue_app - INFO - Client connected to WebSocket
2025-04-07 14:09:47,654 - queue_app - INFO - Queue update emitted: 0 waiting
2025-04-07 14:09:50,734 - queue_app - INFO - Initializing database tables...
2025-04-07 14:09:50,744 - queue_app - INFO - Database initialization complete
2025-04-07 14:09:50,748 - queue_app - INFO - Index page accessed by: admin
2025-04-07 14:09:50,925 - queue_app - INFO - Client connected to WebSocket
2025-04-07 14:09:50,929 - queue_app - INFO - Queue update emitted: 0 waiting
2025-04-07 14:11:33,550 - queue_app - INFO - Index page accessed by: admin
2025-04-07 14:11:33,723 - queue_app - INFO - Client connected to WebSocket
2025-04-07 14:11:33,727 - queue_app - INFO - Queue update emitted: 0 waiting
2025-04-07 14:12:47,718 - queue_app - INFO - Index page accessed by: admin
2025-04-07 14:12:47,861 - queue_app - INFO - Client connected to WebSocket
2025-04-07 14:12:47,864 - queue_app - INFO - Queue update emitted: 0 waiting
2025-04-07 14:17:55,296 - queue_app - INFO - Index page accessed by: admin
2025-04-07 14:17:55,465 - queue_app - INFO - Client connected to WebSocket
2025-04-07 14:17:55,467 - queue_app - INFO - Queue update emitted: 0 waiting
2025-04-07 14:26:05,841 - queue_app - INFO - Index page accessed by: admin
2025-04-07 14:26:06,029 - queue_app - INFO - Client connected to WebSocket
2025-04-07 14:26:06,032 - queue_app - INFO - Queue update emitted: 0 waiting
2025-04-07 14:27:11,010 - queue_app - INFO - Analytics accessed: 3 served entries
2025-04-07 14:28:15,136 - queue_app - INFO - Index page accessed by: admin
2025-04-07 14:28:15,270 - queue_app - INFO - Client connected to WebSocket
2025-04-07 14:28:15,273 - queue_app - INFO - Queue update emitted: 0 waiting
2025-04-07 20:34:43,066 - queue_app - INFO - Starting QueueMaster application...
2025-04-07 20:34:43,270 - werkzeug - INFO -  * Restarting with stat
2025-04-07 20:34:44,411 - queue_app - INFO - Starting QueueMaster application...
2025-04-07 20:34:44,416 - werkzeug - WARNING -  * Debugger is active!
2025-04-07 20:34:44,418 - werkzeug - INFO -  * Debugger PIN: 447-406-176
2025-04-07 20:34:52,554 - queue_app - INFO - Initializing database tables...
2025-04-07 20:34:57,810 - queue_app - INFO - Creating admin user...
2025-04-07 20:34:58,244 - queue_app - INFO - Admin user created successfully
2025-04-07 20:34:58,245 - queue_app - INFO - Database initialization complete
2025-04-07 20:34:58,689 - queue_app - INFO - Index page accessed by: admin
2025-04-07 20:34:59,504 - queue_app - INFO - Client connected to WebSocket
2025-04-07 20:35:00,112 - queue_app - INFO - Queue update emitted: 0 waiting
2025-04-07 20:35:49,084 - queue_app - INFO - User logged out: admin (ID: 1)
2025-04-07 20:36:07,915 - queue_app - INFO - New user created: notstack (ID: 2)
2025-04-07 20:36:19,180 - queue_app - INFO - User logged in: notstack (ID: 2)
2025-04-07 20:36:19,841 - queue_app - INFO - Index page accessed by: notstack
2025-04-07 20:36:20,164 - queue_app - INFO - Client connected to WebSocket
2025-04-07 20:36:20,787 - queue_app - INFO - Queue update emitted: 0 waiting
2025-04-07 20:36:35,505 - queue_app - INFO - Inserted person 'pprakhar' into the queue with ID: 1
2025-04-07 20:36:35,907 - queue_app - INFO - Queue update emitted: 1 waiting
2025-04-07 20:36:45,578 - queue_app - INFO - Inserted person 'diya' into the queue with ID: 2
2025-04-07 20:36:45,954 - queue_app - INFO - Queue update emitted: 2 waiting
